<?xml version="1.0" encoding="UTF-8"?>
<testng-results skipped="0" failed="0" ignored="6" total="12" passed="6">
  <reporter-output>
    <line>
      <![CDATA[Getting text HomeFrom element [[ChromeDriver: chrome on WINDOWS (223c133e91c8e96c4733ff2dcb227b23)] -> xpath: //ul[@class='nav navbar-nav top-main-menu']//span] and compare it with top tab By.xpath: //ul[@class='nav navbar-nav top-main-menu']//span<br>]]>
    </line>
    <line>
      <![CDATA[Getting text Hot dealsFrom element [[ChromeDriver: chrome on WINDOWS (223c133e91c8e96c4733ff2dcb227b23)] -> xpath: //ul[@class='nav navbar-nav top-main-menu']//span] and compare it with top tab By.xpath: //ul[@class='nav navbar-nav top-main-menu']//span<br>]]>
    </line>
    <line>
      <![CDATA[Getting text From element [[ChromeDriver: chrome on WINDOWS (223c133e91c8e96c4733ff2dcb227b23)] -> xpath: //ul[@class='nav navbar-nav top-main-menu']//span] and compare it with top tab By.xpath: //ul[@class='nav navbar-nav top-main-menu']//span<br>]]>
    </line>
    <line>
      <![CDATA[Getting text From element [[ChromeDriver: chrome on WINDOWS (223c133e91c8e96c4733ff2dcb227b23)] -> xpath: //ul[@class='nav navbar-nav top-main-menu']//span] and compare it with top tab By.xpath: //ul[@class='nav navbar-nav top-main-menu']//span<br>]]>
    </line>
    <line>
      <![CDATA[Getting text ShippingFrom element [[ChromeDriver: chrome on WINDOWS (223c133e91c8e96c4733ff2dcb227b23)] -> xpath: //ul[@class='nav navbar-nav top-main-menu']//span] and compare it with top tab By.xpath: //ul[@class='nav navbar-nav top-main-menu']//span<br>]]>
    </line>
    <line>
      <![CDATA[Getting text New!From element [[ChromeDriver: chrome on WINDOWS (223c133e91c8e96c4733ff2dcb227b23)] -> xpath: //ul[@class='nav navbar-nav top-main-menu']//span] and compare it with top tab By.xpath: //ul[@class='nav navbar-nav top-main-menu']//span<br>]]>
    </line>
    <line>
      <![CDATA[Clicking on element [[ChromeDriver: chrome on WINDOWS (223c133e91c8e96c4733ff2dcb227b23)] -> xpath: //ul[@class='nav navbar-nav top-main-menu']//span]<br>]]>
    </line>
    <line>
      <![CDATA[Getting page title text By.xpath: //h1[@id='page-title']<br>]]>
    </line>
    <line>
      <![CDATA[Getting text HomeFrom element [[ChromeDriver: chrome on WINDOWS (432016710adbd693c079035e34f6f955)] -> xpath: //ul[@class='nav navbar-nav top-main-menu']//span] and compare it with top tab By.xpath: //ul[@class='nav navbar-nav top-main-menu']//span<br>]]>
    </line>
    <line>
      <![CDATA[Getting text Hot dealsFrom element [[ChromeDriver: chrome on WINDOWS (432016710adbd693c079035e34f6f955)] -> xpath: //ul[@class='nav navbar-nav top-main-menu']//span] and compare it with top tab By.xpath: //ul[@class='nav navbar-nav top-main-menu']//span<br>]]>
    </line>
    <line>
      <![CDATA[Getting text From element [[ChromeDriver: chrome on WINDOWS (432016710adbd693c079035e34f6f955)] -> xpath: //ul[@class='nav navbar-nav top-main-menu']//span] and compare it with top tab By.xpath: //ul[@class='nav navbar-nav top-main-menu']//span<br>]]>
    </line>
    <line>
      <![CDATA[Getting text From element [[ChromeDriver: chrome on WINDOWS (432016710adbd693c079035e34f6f955)] -> xpath: //ul[@class='nav navbar-nav top-main-menu']//span] and compare it with top tab By.xpath: //ul[@class='nav navbar-nav top-main-menu']//span<br>]]>
    </line>
    <line>
      <![CDATA[Getting text ShippingFrom element [[ChromeDriver: chrome on WINDOWS (432016710adbd693c079035e34f6f955)] -> xpath: //ul[@class='nav navbar-nav top-main-menu']//span] and compare it with top tab By.xpath: //ul[@class='nav navbar-nav top-main-menu']//span<br>]]>
    </line>
    <line>
      <![CDATA[Clicking on element [[ChromeDriver: chrome on WINDOWS (432016710adbd693c079035e34f6f955)] -> xpath: //ul[@class='nav navbar-nav top-main-menu']//span]<br>]]>
    </line>
    <line>
      <![CDATA[Getting page title text By.xpath: //h1[@id='page-title']<br>]]>
    </line>
    <line>
      <![CDATA[Mouse hover and clicking on hot deal link By.xpath: (//li[@class='leaf has-sub']/child::span[text()='Hot deals'])[2]<br>]]>
    </line>
    <line>
      <![CDATA[Getting text from hot deal drop down [[ChromeDriver: chrome on WINDOWS (d7d90e2ea78a76971910937f0d936292)] -> xpath: //ul[@class='nav navbar-nav top-main-menu']//li//ul//li//span] and compare it with hot deal drop down Sale<br>]]>
    </line>
    <line>
      <![CDATA[Mouse hover and clicking on element[[ChromeDriver: chrome on WINDOWS (d7d90e2ea78a76971910937f0d936292)] -> xpath: //ul[@class='nav navbar-nav top-main-menu']//li//ul//li//span]<br>]]>
    </line>
    <line>
      <![CDATA[Getting Page title TextBy.xpath: //h1[@id='page-title']<br>]]>
    </line>
    <line>
      <![CDATA[Mouse Hover on Sort by filter LinkBy.xpath: //div[@class='sort-box']<br>]]>
    </line>
    <line>
      <![CDATA[Getting text from element [[ChromeDriver: chrome on WINDOWS (d7d90e2ea78a76971910937f0d936292)] -> xpath: //ul[@class='display-sort sort-crit grid-list']//li//a] and compare it with Name A - Z<br>]]>
    </line>
    <line>
      <![CDATA[Getting text from element [[ChromeDriver: chrome on WINDOWS (d7d90e2ea78a76971910937f0d936292)] -> xpath: //ul[@class='display-sort sort-crit grid-list']//li//a] and compare it with Name A - Z<br>]]>
    </line>
    <line>
      <![CDATA[Getting text from element [[ChromeDriver: chrome on WINDOWS (d7d90e2ea78a76971910937f0d936292)] -> xpath: //ul[@class='display-sort sort-crit grid-list']//li//a] and compare it with Name A - Z<br>]]>
    </line>
    <line>
      <![CDATA[Getting text from element [[ChromeDriver: chrome on WINDOWS (d7d90e2ea78a76971910937f0d936292)] -> xpath: //ul[@class='display-sort sort-crit grid-list']//li//a] and compare it with Name A - Z<br>]]>
    </line>
    <line>
      <![CDATA[Getting text from element [[ChromeDriver: chrome on WINDOWS (d7d90e2ea78a76971910937f0d936292)] -> xpath: //ul[@class='display-sort sort-crit grid-list']//li//a] and compare it with Name A - Z<br>]]>
    </line>
    <line>
      <![CDATA[Clicking on element [[ChromeDriver: chrome on WINDOWS (d7d90e2ea78a76971910937f0d936292)] -> xpath: //ul[@class='display-sort sort-crit grid-list']//li//a]<br>]]>
    </line>
    <line>
      <![CDATA[Getting List of Product name By.xpath: //div[@class='items-list items-list-products sale-products']//h5<br>]]>
    </line>
    <line>
      <![CDATA[Mouse hover and clicking on hot deal link By.xpath: (//li[@class='leaf has-sub']/child::span[text()='Hot deals'])[2]<br>]]>
    </line>
    <line>
      <![CDATA[Getting text from hot deal drop down [[ChromeDriver: chrome on WINDOWS (9fa7106be6d107f0631c3c726a7c3fa5)] -> xpath: //ul[@class='nav navbar-nav top-main-menu']//li//ul//li//span] and compare it with hot deal drop down Sale<br>]]>
    </line>
    <line>
      <![CDATA[Mouse hover and clicking on element[[ChromeDriver: chrome on WINDOWS (9fa7106be6d107f0631c3c726a7c3fa5)] -> xpath: //ul[@class='nav navbar-nav top-main-menu']//li//ul//li//span]<br>]]>
    </line>
    <line>
      <![CDATA[Getting Page title TextBy.xpath: //h1[@id='page-title']<br>]]>
    </line>
    <line>
      <![CDATA[Mouse Hover on Sort by filter LinkBy.xpath: //div[@class='sort-box']<br>]]>
    </line>
    <line>
      <![CDATA[Getting text from element [[ChromeDriver: chrome on WINDOWS (9fa7106be6d107f0631c3c726a7c3fa5)] -> xpath: //ul[@class='display-sort sort-crit grid-list']//li//a] and compare it with Price Low - High<br>]]>
    </line>
    <line>
      <![CDATA[Getting text from element [[ChromeDriver: chrome on WINDOWS (9fa7106be6d107f0631c3c726a7c3fa5)] -> xpath: //ul[@class='display-sort sort-crit grid-list']//li//a] and compare it with Price Low - High<br>]]>
    </line>
    <line>
      <![CDATA[Getting text from element [[ChromeDriver: chrome on WINDOWS (9fa7106be6d107f0631c3c726a7c3fa5)] -> xpath: //ul[@class='display-sort sort-crit grid-list']//li//a] and compare it with Price Low - High<br>]]>
    </line>
    <line>
      <![CDATA[Clicking on element [[ChromeDriver: chrome on WINDOWS (9fa7106be6d107f0631c3c726a7c3fa5)] -> xpath: //ul[@class='display-sort sort-crit grid-list']//li//a]<br>]]>
    </line>
    <line>
      <![CDATA[Getting List of product price By.xpath: //div[@class='items-list items-list-products sale-products']//span[@class='price product-price']<br>]]>
    </line>
    <line>
      <![CDATA[Mouse hover and clicking on hot deal link By.xpath: (//li[@class='leaf has-sub']/child::span[text()='Hot deals'])[2]<br>]]>
    </line>
    <line>
      <![CDATA[Getting text from hot deal drop down [[ChromeDriver: chrome on WINDOWS (067b95fd3a21b8ed6eff7d898b0e43b9)] -> xpath: //ul[@class='nav navbar-nav top-main-menu']//li//ul//li//span] and compare it with hot deal drop down Bestsellers<br>]]>
    </line>
    <line>
      <![CDATA[Getting text from hot deal drop down [[ChromeDriver: chrome on WINDOWS (067b95fd3a21b8ed6eff7d898b0e43b9)] -> xpath: //ul[@class='nav navbar-nav top-main-menu']//li//ul//li//span] and compare it with hot deal drop down Bestsellers<br>]]>
    </line>
    <line>
      <![CDATA[Mouse hover and clicking on element[[ChromeDriver: chrome on WINDOWS (067b95fd3a21b8ed6eff7d898b0e43b9)] -> xpath: //ul[@class='nav navbar-nav top-main-menu']//li//ul//li//span]<br>]]>
    </line>
    <line>
      <![CDATA[Mouse Hover on Sort by filter LinkBy.xpath: //div[@class='sort-box']<br>]]>
    </line>
    <line>
      <![CDATA[Getting text from element [[ChromeDriver: chrome on WINDOWS (067b95fd3a21b8ed6eff7d898b0e43b9)] -> xpath: //ul[@class='display-sort sort-crit grid-list']//li//a] and compare it with Name A - Z<br>]]>
    </line>
    <line>
      <![CDATA[Getting text from element [[ChromeDriver: chrome on WINDOWS (067b95fd3a21b8ed6eff7d898b0e43b9)] -> xpath: //ul[@class='display-sort sort-crit grid-list']//li//a] and compare it with Name A - Z<br>]]>
    </line>
    <line>
      <![CDATA[Getting text from element [[ChromeDriver: chrome on WINDOWS (067b95fd3a21b8ed6eff7d898b0e43b9)] -> xpath: //ul[@class='display-sort sort-crit grid-list']//li//a] and compare it with Name A - Z<br>]]>
    </line>
    <line>
      <![CDATA[Getting text from element [[ChromeDriver: chrome on WINDOWS (067b95fd3a21b8ed6eff7d898b0e43b9)] -> xpath: //ul[@class='display-sort sort-crit grid-list']//li//a] and compare it with Name A - Z<br>]]>
    </line>
    <line>
      <![CDATA[Clicking on element [[ChromeDriver: chrome on WINDOWS (067b95fd3a21b8ed6eff7d898b0e43b9)] -> xpath: //ul[@class='display-sort sort-crit grid-list']//li//a]<br>]]>
    </line>
    <line>
      <![CDATA[Clicking add to cart button of vinylIdilz By.xpath: //button[@class='btn  regular-button add-to-cart product-add2cart productid-13']<br>]]>
    </line>
    <line>
      <![CDATA[Getting product verify message By.xpath: //li[contains(text(),'Product has been added to your cart')]<br>]]>
    </line>
    <line>
      <![CDATA[Clicking on verify message close button By.xpath: //a[@class='close']<br>]]>
    </line>
    <line>
      <![CDATA[Clicking on your cart button By.xpath: //div[@title='Your cart']<br>]]>
    </line>
    <line>
      <![CDATA[Clicking on view your cart button]]>
    </line>
    <line>
      <![CDATA[Getting text from productQuantityVerifyLink By.xpath: //h1[@id='page-title']<br>]]>
    </line>
    <line>
      <![CDATA[Clicking on empty your cart link By.xpath: //a[contains(text(),'Empty your cart')]<br>]]>
    </line>
    <line>
      <![CDATA[Getting text from item deleted confirmation By.xpath: //li[contains(text(),'Item(s) deleted from your cart')]<br>]]>
    </line>
    <line>
      <![CDATA[Getting text from productQuantityVerifyLink By.xpath: //h1[@id='page-title']<br>]]>
    </line>
    <line>
      <![CDATA[Mouse hover and clicking on hot deal link By.xpath: (//li[@class='leaf has-sub']/child::span[text()='Hot deals'])[2]<br>]]>
    </line>
    <line>
      <![CDATA[Getting text from hot deal drop down [[ChromeDriver: chrome on WINDOWS (9b4adb1ef06b6160bde2c42819661994)] -> xpath: //ul[@class='nav navbar-nav top-main-menu']//li//ul//li//span] and compare it with hot deal drop down Sale<br>]]>
    </line>
    <line>
      <![CDATA[Mouse hover and clicking on element[[ChromeDriver: chrome on WINDOWS (9b4adb1ef06b6160bde2c42819661994)] -> xpath: //ul[@class='nav navbar-nav top-main-menu']//li//ul//li//span]<br>]]>
    </line>
    <line>
      <![CDATA[Mouse Hover on Sort by filter LinkBy.xpath: //div[@class='sort-box']<br>]]>
    </line>
    <line>
      <![CDATA[Getting text from element [[ChromeDriver: chrome on WINDOWS (9b4adb1ef06b6160bde2c42819661994)] -> xpath: //ul[@class='display-sort sort-crit grid-list']//li//a] and compare it with Name A - Z<br>]]>
    </line>
    <line>
      <![CDATA[Getting text from element [[ChromeDriver: chrome on WINDOWS (9b4adb1ef06b6160bde2c42819661994)] -> xpath: //ul[@class='display-sort sort-crit grid-list']//li//a] and compare it with Name A - Z<br>]]>
    </line>
    <line>
      <![CDATA[Getting text from element [[ChromeDriver: chrome on WINDOWS (9b4adb1ef06b6160bde2c42819661994)] -> xpath: //ul[@class='display-sort sort-crit grid-list']//li//a] and compare it with Name A - Z<br>]]>
    </line>
    <line>
      <![CDATA[Getting text from element [[ChromeDriver: chrome on WINDOWS (9b4adb1ef06b6160bde2c42819661994)] -> xpath: //ul[@class='display-sort sort-crit grid-list']//li//a] and compare it with Name A - Z<br>]]>
    </line>
    <line>
      <![CDATA[Getting text from element [[ChromeDriver: chrome on WINDOWS (9b4adb1ef06b6160bde2c42819661994)] -> xpath: //ul[@class='display-sort sort-crit grid-list']//li//a] and compare it with Name A - Z<br>]]>
    </line>
    <line>
      <![CDATA[Clicking on element [[ChromeDriver: chrome on WINDOWS (9b4adb1ef06b6160bde2c42819661994)] -> xpath: //ul[@class='display-sort sort-crit grid-list']//li//a]<br>]]>
    </line>
    <line>
      <![CDATA[Clicking add to cart button of avengers By.xpath: (//button[@type='button'])[4]<br>]]>
    </line>
    <line>
      <![CDATA[Getting product verify message By.xpath: //li[contains(text(),'Product has been added to your cart')]<br>]]>
    </line>
    <line>
      <![CDATA[Clicking on verify message close button By.xpath: //a[@class='close']<br>]]>
    </line>
    <line>
      <![CDATA[Clicking on your cart button By.xpath: //div[@title='Your cart']<br>]]>
    </line>
    <line>
      <![CDATA[Clicking on view your cart button]]>
    </line>
    <line>
      <![CDATA[Getting text from productQuantityVerifyLink By.xpath: //h1[@id='page-title']<br>]]>
    </line>
    <line>
      <![CDATA[Change quantity on quantity link By.xpath: //input[contains(@id,'amount')]Quantity is2<br>]]>
    </line>
    <line>
      <![CDATA[Getting text from productQuantityVerifyLink By.xpath: //h1[@id='page-title']<br>]]>
    </line>
    <line>
      <![CDATA[Getting text from sub total link By.xpath: (//li[@class='subtotal'])[1]<br>]]>
    </line>
    <line>
      <![CDATA[Getting text from total link By.xpath: (//span[@class='surcharge-cell'])[7]<br>]]>
    </line>
    <line>
      <![CDATA[Clicking on go to checkout button By.xpath: //span[contains(text(),'Go to checkout')]<br>]]>
    </line>
    <line>
      <![CDATA[Getting text from verify login text By.xpath: //h3[contains(text(),'Log in to your account')]<br>]]>
    </line>
    <line>
      <![CDATA[Send email jemspeter526@yahoo.com to email fieldBy.xpath: //input[@id='email']<br>]]>
    </line>
    <line>
      <![CDATA[Clicking on continue button By.xpath: //button[@class='btn  regular-button anonymous-continue-button submit']<br>]]>
    </line>
    <line>
      <![CDATA[Getting text from secure checkout By.xpath: //h1[contains(text(),'Secure Checkout')]<br>]]>
    </line>
    <line>
      <![CDATA[Enter first name Mark In first name field By.xpath: //input[@id='shippingaddress-firstname']<br>]]>
    </line>
    <line>
      <![CDATA[Enter last name ZuckerBerg in last name field By.xpath: //input[@id='shippingaddress-lastname']<br>]]>
    </line>
    <line>
      <![CDATA[Enter address 45,Cooper Street in address field By.xpath: //input[@id='shippingaddress-street']<br>]]>
    </line>
    <line>
      <![CDATA[Send city name London In city field By.xpath: //input[@id='shippingaddress-city']<br>]]>
    </line>
    <line>
      <![CDATA[Select country United Kingdom in country fieldBy.xpath: //select[@id='shippingaddress-country-code']]]>
    </line>
    <line>
      <![CDATA[Send text state London In state field By.xpath: //input[@id='shippingaddress-custom-state']<br>]]>
    </line>
    <line>
      <![CDATA[Enter zip code 900456 in zip code field By.xpath: //input[@id='shippingaddress-zipcode']<br>]]>
    </line>
    <line>
      <![CDATA[Clicking on create account check box By.xpath: //input[@id='create_profile']<br>]]>
    </line>
    <line>
      <![CDATA[Send password J123450In password field By.xpath: //input[@id='password']<br>]]>
    </line>
    <line>
      <![CDATA[Getting attribute value of title [[ChromeDriver: chrome on WINDOWS (9b4adb1ef06b6160bde2c42819661994)] -> xpath: //ul[@class='shipping-rates']//li//div//label] compare it with delivery method Local shipping<br>]]>
    </line>
    <line>
      <![CDATA[Getting attribute value of title [[ChromeDriver: chrome on WINDOWS (9b4adb1ef06b6160bde2c42819661994)] -> xpath: //ul[@class='shipping-rates']//li//div//label] compare it with delivery method Local shipping<br>]]>
    </line>
    <line>
      <![CDATA[Mouse hover and clicking on element [[ChromeDriver: chrome on WINDOWS (9b4adb1ef06b6160bde2c42819661994)] -> xpath: //ul[@class='shipping-rates']//li//div//label]<br>]]>
    </line>
    <line>
      <![CDATA[Getting text Authorize.Net SIM from element [[ChromeDriver: chrome on WINDOWS (9b4adb1ef06b6160bde2c42819661994)] -> xpath: //ul[@class='payments']//span]And compare with payment method COD<br>]]>
    </line>
    <line>
      <![CDATA[Getting text Phone Ordering from element [[ChromeDriver: chrome on WINDOWS (9b4adb1ef06b6160bde2c42819661994)] -> xpath: //ul[@class='payments']//span]And compare with payment method COD<br>]]>
    </line>
    <line>
      <![CDATA[Getting text Fax Ordering from element [[ChromeDriver: chrome on WINDOWS (9b4adb1ef06b6160bde2c42819661994)] -> xpath: //ul[@class='payments']//span]And compare with payment method COD<br>]]>
    </line>
    <line>
      <![CDATA[Getting text Money Order from element [[ChromeDriver: chrome on WINDOWS (9b4adb1ef06b6160bde2c42819661994)] -> xpath: //ul[@class='payments']//span]And compare with payment method COD<br>]]>
    </line>
    <line>
      <![CDATA[Getting text Check from element [[ChromeDriver: chrome on WINDOWS (9b4adb1ef06b6160bde2c42819661994)] -> xpath: //ul[@class='payments']//span]And compare with payment method COD<br>]]>
    </line>
    <line>
      <![CDATA[Getting text COD from element [[ChromeDriver: chrome on WINDOWS (9b4adb1ef06b6160bde2c42819661994)] -> xpath: //ul[@class='payments']//span]And compare with payment method COD<br>]]>
    </line>
    <line>
      <![CDATA[Mouse hover and click on element [[ChromeDriver: chrome on WINDOWS (9b4adb1ef06b6160bde2c42819661994)] -> xpath: //ul[@class='payments']//span]<br>]]>
    </line>
    <line>
      <![CDATA[Getting text from Total link By.xpath: (//span[@class='surcharge-cell'])[6]<br>]]>
    </line>
    <line>
      <![CDATA[Mouse hover and click on place order button By.xpath: //button[@class='btn regular-button regular-main-button place-order submit']<br>]]>
    </line>
    <line>
      <![CDATA[Getting text from order confirmation By.xpath: //h1[@id='page-title']<br>]]>
    </line>
  </reporter-output>
  <suite name="testsuite" duration-ms="141032" started-at="2021-06-16T19:16:24Z" finished-at="2021-06-16T19:18:45Z">
    <groups>
      <group name="regression">
        <method signature="HotDealsTest.verifySaleProductsArrangeAlphabetically()[pri:0, instance:com.xcart.mobile.testSuite.hotDeals.HotDealsTest@2b98378d]" name="verifySaleProductsArrangeAlphabetically" class="com.xcart.mobile.testSuite.hotDeals.HotDealsTest"/>
        <method signature="HotDealsTest.verifySaleProductsPriceArrangeLowToHigh()[pri:0, instance:com.xcart.mobile.testSuite.hotDeals.HotDealsTest@2b98378d]" name="verifySaleProductsPriceArrangeLowToHigh" class="com.xcart.mobile.testSuite.hotDeals.HotDealsTest"/>
        <method signature="ShoppingTest.verifyThatUserShouldClearShoppingCartSuccessfully()[pri:0, instance:com.xcart.mobile.testSuite.shopping.ShoppingTest@475530b9]" name="verifyThatUserShouldClearShoppingCartSuccessfully" class="com.xcart.mobile.testSuite.shopping.ShoppingTest"/>
        <method signature="ShoppingTest.verifyThatUserShouldPlaceOrderSuccessfullyForAvengersFabrikationsPlush()[pri:0, instance:com.xcart.mobile.testSuite.shopping.ShoppingTest@475530b9]" name="verifyThatUserShouldPlaceOrderSuccessfullyForAvengersFabrikationsPlush" class="com.xcart.mobile.testSuite.shopping.ShoppingTest"/>
        <method signature="TopMenuTest.verifyUserShouldNavigateToNewPageSuccessfully()[pri:0, instance:com.xcart.mobile.testSuite.homePage.TopMenuTest@4b9e13df]" name="verifyUserShouldNavigateToNewPageSuccessfully" class="com.xcart.mobile.testSuite.homePage.TopMenuTest"/>
        <method signature="TopMenuTest.verifyUserShouldNavigateToShippingPageSuccessfully()[pri:0, instance:com.xcart.mobile.testSuite.homePage.TopMenuTest@4b9e13df]" name="verifyUserShouldNavigateToShippingPageSuccessfully" class="com.xcart.mobile.testSuite.homePage.TopMenuTest"/>
      </group> <!-- regression -->
      <group name="smoke">
        <method signature="HotDealsTest.verifySaleProductsArrangeAlphabetically()[pri:0, instance:com.xcart.mobile.testSuite.hotDeals.HotDealsTest@2b98378d]" name="verifySaleProductsArrangeAlphabetically" class="com.xcart.mobile.testSuite.hotDeals.HotDealsTest"/>
        <method signature="ShoppingTest.verifyThatUserShouldPlaceOrderSuccessfullyForAvengersFabrikationsPlush()[pri:0, instance:com.xcart.mobile.testSuite.shopping.ShoppingTest@475530b9]" name="verifyThatUserShouldPlaceOrderSuccessfullyForAvengersFabrikationsPlush" class="com.xcart.mobile.testSuite.shopping.ShoppingTest"/>
        <method signature="TopMenuTest.verifyUserShouldNavigateToShippingPageSuccessfully()[pri:0, instance:com.xcart.mobile.testSuite.homePage.TopMenuTest@4b9e13df]" name="verifyUserShouldNavigateToShippingPageSuccessfully" class="com.xcart.mobile.testSuite.homePage.TopMenuTest"/>
      </group> <!-- smoke -->
      <group name="sanity">
        <method signature="HotDealsTest.verifySaleProductsArrangeAlphabetically()[pri:0, instance:com.xcart.mobile.testSuite.hotDeals.HotDealsTest@2b98378d]" name="verifySaleProductsArrangeAlphabetically" class="com.xcart.mobile.testSuite.hotDeals.HotDealsTest"/>
        <method signature="HotDealsTest.verifySaleProductsPriceArrangeLowToHigh()[pri:0, instance:com.xcart.mobile.testSuite.hotDeals.HotDealsTest@2b98378d]" name="verifySaleProductsPriceArrangeLowToHigh" class="com.xcart.mobile.testSuite.hotDeals.HotDealsTest"/>
        <method signature="ShoppingTest.verifyThatUserShouldClearShoppingCartSuccessfully()[pri:0, instance:com.xcart.mobile.testSuite.shopping.ShoppingTest@475530b9]" name="verifyThatUserShouldClearShoppingCartSuccessfully" class="com.xcart.mobile.testSuite.shopping.ShoppingTest"/>
        <method signature="ShoppingTest.verifyThatUserShouldPlaceOrderSuccessfullyForAvengersFabrikationsPlush()[pri:0, instance:com.xcart.mobile.testSuite.shopping.ShoppingTest@475530b9]" name="verifyThatUserShouldPlaceOrderSuccessfullyForAvengersFabrikationsPlush" class="com.xcart.mobile.testSuite.shopping.ShoppingTest"/>
        <method signature="TopMenuTest.verifyUserShouldNavigateToNewPageSuccessfully()[pri:0, instance:com.xcart.mobile.testSuite.homePage.TopMenuTest@4b9e13df]" name="verifyUserShouldNavigateToNewPageSuccessfully" class="com.xcart.mobile.testSuite.homePage.TopMenuTest"/>
        <method signature="TopMenuTest.verifyUserShouldNavigateToShippingPageSuccessfully()[pri:0, instance:com.xcart.mobile.testSuite.homePage.TopMenuTest@4b9e13df]" name="verifyUserShouldNavigateToShippingPageSuccessfully" class="com.xcart.mobile.testSuite.homePage.TopMenuTest"/>
      </group> <!-- sanity -->
    </groups>
    <test name="Sanity Test" duration-ms="141032" started-at="2021-06-16T19:16:24Z" finished-at="2021-06-16T19:18:45Z">
      <class name="com.xcart.mobile.testSuite.hotDeals.HotDealsTest">
        <test-method status="PASS" signature="setUp()[pri:0, instance:com.xcart.mobile.testSuite.hotDeals.HotDealsTest@2b98378d]" name="setUp" is-config="true" duration-ms="2869" started-at="2021-06-16T19:16:37Z" finished-at="2021-06-16T19:16:40Z">
          <reporter-output>
          </reporter-output>
        </test-method> <!-- setUp -->
        <test-method status="PASS" signature="verifySaleProductsArrangeAlphabetically()[pri:0, instance:com.xcart.mobile.testSuite.hotDeals.HotDealsTest@2b98378d]" name="verifySaleProductsArrangeAlphabetically" duration-ms="19353" started-at="2021-06-16T19:16:40Z" finished-at="2021-06-16T19:17:00Z">
          <reporter-output>
            <line>
              <![CDATA[Mouse hover and clicking on hot deal link By.xpath: (//li[@class='leaf has-sub']/child::span[text()='Hot deals'])[2]<br>]]>
            </line>
            <line>
              <![CDATA[Getting text from hot deal drop down [[ChromeDriver: chrome on WINDOWS (d7d90e2ea78a76971910937f0d936292)] -> xpath: //ul[@class='nav navbar-nav top-main-menu']//li//ul//li//span] and compare it with hot deal drop down Sale<br>]]>
            </line>
            <line>
              <![CDATA[Mouse hover and clicking on element[[ChromeDriver: chrome on WINDOWS (d7d90e2ea78a76971910937f0d936292)] -> xpath: //ul[@class='nav navbar-nav top-main-menu']//li//ul//li//span]<br>]]>
            </line>
            <line>
              <![CDATA[Getting Page title TextBy.xpath: //h1[@id='page-title']<br>]]>
            </line>
            <line>
              <![CDATA[Mouse Hover on Sort by filter LinkBy.xpath: //div[@class='sort-box']<br>]]>
            </line>
            <line>
              <![CDATA[Getting text from element [[ChromeDriver: chrome on WINDOWS (d7d90e2ea78a76971910937f0d936292)] -> xpath: //ul[@class='display-sort sort-crit grid-list']//li//a] and compare it with Name A - Z<br>]]>
            </line>
            <line>
              <![CDATA[Getting text from element [[ChromeDriver: chrome on WINDOWS (d7d90e2ea78a76971910937f0d936292)] -> xpath: //ul[@class='display-sort sort-crit grid-list']//li//a] and compare it with Name A - Z<br>]]>
            </line>
            <line>
              <![CDATA[Getting text from element [[ChromeDriver: chrome on WINDOWS (d7d90e2ea78a76971910937f0d936292)] -> xpath: //ul[@class='display-sort sort-crit grid-list']//li//a] and compare it with Name A - Z<br>]]>
            </line>
            <line>
              <![CDATA[Getting text from element [[ChromeDriver: chrome on WINDOWS (d7d90e2ea78a76971910937f0d936292)] -> xpath: //ul[@class='display-sort sort-crit grid-list']//li//a] and compare it with Name A - Z<br>]]>
            </line>
            <line>
              <![CDATA[Getting text from element [[ChromeDriver: chrome on WINDOWS (d7d90e2ea78a76971910937f0d936292)] -> xpath: //ul[@class='display-sort sort-crit grid-list']//li//a] and compare it with Name A - Z<br>]]>
            </line>
            <line>
              <![CDATA[Clicking on element [[ChromeDriver: chrome on WINDOWS (d7d90e2ea78a76971910937f0d936292)] -> xpath: //ul[@class='display-sort sort-crit grid-list']//li//a]<br>]]>
            </line>
            <line>
              <![CDATA[Getting List of Product name By.xpath: //div[@class='items-list items-list-products sale-products']//h5<br>]]>
            </line>
          </reporter-output>
        </test-method> <!-- verifySaleProductsArrangeAlphabetically -->
        <test-method status="PASS" signature="tearDown()[pri:0, instance:com.xcart.mobile.testSuite.hotDeals.HotDealsTest@2b98378d]" name="tearDown" is-config="true" duration-ms="707" started-at="2021-06-16T19:17:00Z" finished-at="2021-06-16T19:17:00Z">
          <reporter-output>
          </reporter-output>
        </test-method> <!-- tearDown -->
        <test-method status="PASS" signature="setUp()[pri:0, instance:com.xcart.mobile.testSuite.hotDeals.HotDealsTest@2b98378d]" name="setUp" is-config="true" duration-ms="3620" started-at="2021-06-16T19:17:00Z" finished-at="2021-06-16T19:17:04Z">
          <reporter-output>
          </reporter-output>
        </test-method> <!-- setUp -->
        <test-method status="PASS" signature="verifySaleProductsPriceArrangeLowToHigh()[pri:0, instance:com.xcart.mobile.testSuite.hotDeals.HotDealsTest@2b98378d]" name="verifySaleProductsPriceArrangeLowToHigh" duration-ms="13492" started-at="2021-06-16T19:17:04Z" finished-at="2021-06-16T19:17:17Z">
          <reporter-output>
            <line>
              <![CDATA[Mouse hover and clicking on hot deal link By.xpath: (//li[@class='leaf has-sub']/child::span[text()='Hot deals'])[2]<br>]]>
            </line>
            <line>
              <![CDATA[Getting text from hot deal drop down [[ChromeDriver: chrome on WINDOWS (9fa7106be6d107f0631c3c726a7c3fa5)] -> xpath: //ul[@class='nav navbar-nav top-main-menu']//li//ul//li//span] and compare it with hot deal drop down Sale<br>]]>
            </line>
            <line>
              <![CDATA[Mouse hover and clicking on element[[ChromeDriver: chrome on WINDOWS (9fa7106be6d107f0631c3c726a7c3fa5)] -> xpath: //ul[@class='nav navbar-nav top-main-menu']//li//ul//li//span]<br>]]>
            </line>
            <line>
              <![CDATA[Getting Page title TextBy.xpath: //h1[@id='page-title']<br>]]>
            </line>
            <line>
              <![CDATA[Mouse Hover on Sort by filter LinkBy.xpath: //div[@class='sort-box']<br>]]>
            </line>
            <line>
              <![CDATA[Getting text from element [[ChromeDriver: chrome on WINDOWS (9fa7106be6d107f0631c3c726a7c3fa5)] -> xpath: //ul[@class='display-sort sort-crit grid-list']//li//a] and compare it with Price Low - High<br>]]>
            </line>
            <line>
              <![CDATA[Getting text from element [[ChromeDriver: chrome on WINDOWS (9fa7106be6d107f0631c3c726a7c3fa5)] -> xpath: //ul[@class='display-sort sort-crit grid-list']//li//a] and compare it with Price Low - High<br>]]>
            </line>
            <line>
              <![CDATA[Getting text from element [[ChromeDriver: chrome on WINDOWS (9fa7106be6d107f0631c3c726a7c3fa5)] -> xpath: //ul[@class='display-sort sort-crit grid-list']//li//a] and compare it with Price Low - High<br>]]>
            </line>
            <line>
              <![CDATA[Clicking on element [[ChromeDriver: chrome on WINDOWS (9fa7106be6d107f0631c3c726a7c3fa5)] -> xpath: //ul[@class='display-sort sort-crit grid-list']//li//a]<br>]]>
            </line>
            <line>
              <![CDATA[Getting List of product price By.xpath: //div[@class='items-list items-list-products sale-products']//span[@class='price product-price']<br>]]>
            </line>
          </reporter-output>
        </test-method> <!-- verifySaleProductsPriceArrangeLowToHigh -->
        <test-method status="PASS" signature="tearDown()[pri:0, instance:com.xcart.mobile.testSuite.hotDeals.HotDealsTest@2b98378d]" name="tearDown" is-config="true" duration-ms="782" started-at="2021-06-16T19:17:17Z" finished-at="2021-06-16T19:17:18Z">
          <reporter-output>
          </reporter-output>
        </test-method> <!-- tearDown -->
      </class> <!-- com.xcart.mobile.testSuite.hotDeals.HotDealsTest -->
      <class name="com.xcart.mobile.testSuite.homePage.TopMenuTest">
        <test-method status="PASS" signature="setUp()[pri:0, instance:com.xcart.mobile.testSuite.homePage.TopMenuTest@4b9e13df]" name="setUp" is-config="true" duration-ms="3578" started-at="2021-06-16T19:16:24Z" finished-at="2021-06-16T19:16:27Z">
          <reporter-output>
          </reporter-output>
        </test-method> <!-- setUp -->
        <test-method status="PASS" signature="verifyUserShouldNavigateToNewPageSuccessfully()[pri:0, instance:com.xcart.mobile.testSuite.homePage.TopMenuTest@4b9e13df]" name="verifyUserShouldNavigateToNewPageSuccessfully" duration-ms="2952" started-at="2021-06-16T19:16:27Z" finished-at="2021-06-16T19:16:30Z">
          <reporter-output>
            <line>
              <![CDATA[Getting text HomeFrom element [[ChromeDriver: chrome on WINDOWS (223c133e91c8e96c4733ff2dcb227b23)] -> xpath: //ul[@class='nav navbar-nav top-main-menu']//span] and compare it with top tab By.xpath: //ul[@class='nav navbar-nav top-main-menu']//span<br>]]>
            </line>
            <line>
              <![CDATA[Getting text Hot dealsFrom element [[ChromeDriver: chrome on WINDOWS (223c133e91c8e96c4733ff2dcb227b23)] -> xpath: //ul[@class='nav navbar-nav top-main-menu']//span] and compare it with top tab By.xpath: //ul[@class='nav navbar-nav top-main-menu']//span<br>]]>
            </line>
            <line>
              <![CDATA[Getting text From element [[ChromeDriver: chrome on WINDOWS (223c133e91c8e96c4733ff2dcb227b23)] -> xpath: //ul[@class='nav navbar-nav top-main-menu']//span] and compare it with top tab By.xpath: //ul[@class='nav navbar-nav top-main-menu']//span<br>]]>
            </line>
            <line>
              <![CDATA[Getting text From element [[ChromeDriver: chrome on WINDOWS (223c133e91c8e96c4733ff2dcb227b23)] -> xpath: //ul[@class='nav navbar-nav top-main-menu']//span] and compare it with top tab By.xpath: //ul[@class='nav navbar-nav top-main-menu']//span<br>]]>
            </line>
            <line>
              <![CDATA[Getting text ShippingFrom element [[ChromeDriver: chrome on WINDOWS (223c133e91c8e96c4733ff2dcb227b23)] -> xpath: //ul[@class='nav navbar-nav top-main-menu']//span] and compare it with top tab By.xpath: //ul[@class='nav navbar-nav top-main-menu']//span<br>]]>
            </line>
            <line>
              <![CDATA[Getting text New!From element [[ChromeDriver: chrome on WINDOWS (223c133e91c8e96c4733ff2dcb227b23)] -> xpath: //ul[@class='nav navbar-nav top-main-menu']//span] and compare it with top tab By.xpath: //ul[@class='nav navbar-nav top-main-menu']//span<br>]]>
            </line>
            <line>
              <![CDATA[Clicking on element [[ChromeDriver: chrome on WINDOWS (223c133e91c8e96c4733ff2dcb227b23)] -> xpath: //ul[@class='nav navbar-nav top-main-menu']//span]<br>]]>
            </line>
            <line>
              <![CDATA[Getting page title text By.xpath: //h1[@id='page-title']<br>]]>
            </line>
          </reporter-output>
        </test-method> <!-- verifyUserShouldNavigateToNewPageSuccessfully -->
        <test-method status="PASS" signature="tearDown()[pri:0, instance:com.xcart.mobile.testSuite.homePage.TopMenuTest@4b9e13df]" name="tearDown" is-config="true" duration-ms="753" started-at="2021-06-16T19:16:30Z" finished-at="2021-06-16T19:16:31Z">
          <reporter-output>
          </reporter-output>
        </test-method> <!-- tearDown -->
        <test-method status="PASS" signature="setUp()[pri:0, instance:com.xcart.mobile.testSuite.homePage.TopMenuTest@4b9e13df]" name="setUp" is-config="true" duration-ms="2843" started-at="2021-06-16T19:16:31Z" finished-at="2021-06-16T19:16:34Z">
          <reporter-output>
          </reporter-output>
        </test-method> <!-- setUp -->
        <test-method status="PASS" signature="verifyUserShouldNavigateToShippingPageSuccessfully()[pri:0, instance:com.xcart.mobile.testSuite.homePage.TopMenuTest@4b9e13df]" name="verifyUserShouldNavigateToShippingPageSuccessfully" duration-ms="2912" started-at="2021-06-16T19:16:34Z" finished-at="2021-06-16T19:16:37Z">
          <reporter-output>
            <line>
              <![CDATA[Getting text HomeFrom element [[ChromeDriver: chrome on WINDOWS (432016710adbd693c079035e34f6f955)] -> xpath: //ul[@class='nav navbar-nav top-main-menu']//span] and compare it with top tab By.xpath: //ul[@class='nav navbar-nav top-main-menu']//span<br>]]>
            </line>
            <line>
              <![CDATA[Getting text Hot dealsFrom element [[ChromeDriver: chrome on WINDOWS (432016710adbd693c079035e34f6f955)] -> xpath: //ul[@class='nav navbar-nav top-main-menu']//span] and compare it with top tab By.xpath: //ul[@class='nav navbar-nav top-main-menu']//span<br>]]>
            </line>
            <line>
              <![CDATA[Getting text From element [[ChromeDriver: chrome on WINDOWS (432016710adbd693c079035e34f6f955)] -> xpath: //ul[@class='nav navbar-nav top-main-menu']//span] and compare it with top tab By.xpath: //ul[@class='nav navbar-nav top-main-menu']//span<br>]]>
            </line>
            <line>
              <![CDATA[Getting text From element [[ChromeDriver: chrome on WINDOWS (432016710adbd693c079035e34f6f955)] -> xpath: //ul[@class='nav navbar-nav top-main-menu']//span] and compare it with top tab By.xpath: //ul[@class='nav navbar-nav top-main-menu']//span<br>]]>
            </line>
            <line>
              <![CDATA[Getting text ShippingFrom element [[ChromeDriver: chrome on WINDOWS (432016710adbd693c079035e34f6f955)] -> xpath: //ul[@class='nav navbar-nav top-main-menu']//span] and compare it with top tab By.xpath: //ul[@class='nav navbar-nav top-main-menu']//span<br>]]>
            </line>
            <line>
              <![CDATA[Clicking on element [[ChromeDriver: chrome on WINDOWS (432016710adbd693c079035e34f6f955)] -> xpath: //ul[@class='nav navbar-nav top-main-menu']//span]<br>]]>
            </line>
            <line>
              <![CDATA[Getting page title text By.xpath: //h1[@id='page-title']<br>]]>
            </line>
          </reporter-output>
        </test-method> <!-- verifyUserShouldNavigateToShippingPageSuccessfully -->
        <test-method status="PASS" signature="tearDown()[pri:0, instance:com.xcart.mobile.testSuite.homePage.TopMenuTest@4b9e13df]" name="tearDown" is-config="true" duration-ms="672" started-at="2021-06-16T19:16:37Z" finished-at="2021-06-16T19:16:37Z">
          <reporter-output>
          </reporter-output>
        </test-method> <!-- tearDown -->
      </class> <!-- com.xcart.mobile.testSuite.homePage.TopMenuTest -->
      <class name="com.xcart.mobile.testSuite.shopping.ShoppingTest">
        <test-method status="PASS" signature="setUp()[pri:0, instance:com.xcart.mobile.testSuite.shopping.ShoppingTest@475530b9]" name="setUp" is-config="true" duration-ms="3373" started-at="2021-06-16T19:17:18Z" finished-at="2021-06-16T19:17:22Z">
          <reporter-output>
          </reporter-output>
        </test-method> <!-- setUp -->
        <test-method status="PASS" signature="verifyThatUserShouldClearShoppingCartSuccessfully()[pri:0, instance:com.xcart.mobile.testSuite.shopping.ShoppingTest@475530b9]" name="verifyThatUserShouldClearShoppingCartSuccessfully" duration-ms="29575" started-at="2021-06-16T19:17:22Z" finished-at="2021-06-16T19:17:51Z">
          <reporter-output>
            <line>
              <![CDATA[Mouse hover and clicking on hot deal link By.xpath: (//li[@class='leaf has-sub']/child::span[text()='Hot deals'])[2]<br>]]>
            </line>
            <line>
              <![CDATA[Getting text from hot deal drop down [[ChromeDriver: chrome on WINDOWS (067b95fd3a21b8ed6eff7d898b0e43b9)] -> xpath: //ul[@class='nav navbar-nav top-main-menu']//li//ul//li//span] and compare it with hot deal drop down Bestsellers<br>]]>
            </line>
            <line>
              <![CDATA[Getting text from hot deal drop down [[ChromeDriver: chrome on WINDOWS (067b95fd3a21b8ed6eff7d898b0e43b9)] -> xpath: //ul[@class='nav navbar-nav top-main-menu']//li//ul//li//span] and compare it with hot deal drop down Bestsellers<br>]]>
            </line>
            <line>
              <![CDATA[Mouse hover and clicking on element[[ChromeDriver: chrome on WINDOWS (067b95fd3a21b8ed6eff7d898b0e43b9)] -> xpath: //ul[@class='nav navbar-nav top-main-menu']//li//ul//li//span]<br>]]>
            </line>
            <line>
              <![CDATA[Mouse Hover on Sort by filter LinkBy.xpath: //div[@class='sort-box']<br>]]>
            </line>
            <line>
              <![CDATA[Getting text from element [[ChromeDriver: chrome on WINDOWS (067b95fd3a21b8ed6eff7d898b0e43b9)] -> xpath: //ul[@class='display-sort sort-crit grid-list']//li//a] and compare it with Name A - Z<br>]]>
            </line>
            <line>
              <![CDATA[Getting text from element [[ChromeDriver: chrome on WINDOWS (067b95fd3a21b8ed6eff7d898b0e43b9)] -> xpath: //ul[@class='display-sort sort-crit grid-list']//li//a] and compare it with Name A - Z<br>]]>
            </line>
            <line>
              <![CDATA[Getting text from element [[ChromeDriver: chrome on WINDOWS (067b95fd3a21b8ed6eff7d898b0e43b9)] -> xpath: //ul[@class='display-sort sort-crit grid-list']//li//a] and compare it with Name A - Z<br>]]>
            </line>
            <line>
              <![CDATA[Getting text from element [[ChromeDriver: chrome on WINDOWS (067b95fd3a21b8ed6eff7d898b0e43b9)] -> xpath: //ul[@class='display-sort sort-crit grid-list']//li//a] and compare it with Name A - Z<br>]]>
            </line>
            <line>
              <![CDATA[Clicking on element [[ChromeDriver: chrome on WINDOWS (067b95fd3a21b8ed6eff7d898b0e43b9)] -> xpath: //ul[@class='display-sort sort-crit grid-list']//li//a]<br>]]>
            </line>
            <line>
              <![CDATA[Clicking add to cart button of vinylIdilz By.xpath: //button[@class='btn  regular-button add-to-cart product-add2cart productid-13']<br>]]>
            </line>
            <line>
              <![CDATA[Getting product verify message By.xpath: //li[contains(text(),'Product has been added to your cart')]<br>]]>
            </line>
            <line>
              <![CDATA[Clicking on verify message close button By.xpath: //a[@class='close']<br>]]>
            </line>
            <line>
              <![CDATA[Clicking on your cart button By.xpath: //div[@title='Your cart']<br>]]>
            </line>
            <line>
              <![CDATA[Clicking on view your cart button]]>
            </line>
            <line>
              <![CDATA[Getting text from productQuantityVerifyLink By.xpath: //h1[@id='page-title']<br>]]>
            </line>
            <line>
              <![CDATA[Clicking on empty your cart link By.xpath: //a[contains(text(),'Empty your cart')]<br>]]>
            </line>
            <line>
              <![CDATA[Getting text from item deleted confirmation By.xpath: //li[contains(text(),'Item(s) deleted from your cart')]<br>]]>
            </line>
            <line>
              <![CDATA[Getting text from productQuantityVerifyLink By.xpath: //h1[@id='page-title']<br>]]>
            </line>
          </reporter-output>
        </test-method> <!-- verifyThatUserShouldClearShoppingCartSuccessfully -->
        <test-method status="PASS" signature="tearDown()[pri:0, instance:com.xcart.mobile.testSuite.shopping.ShoppingTest@475530b9]" name="tearDown" is-config="true" duration-ms="714" started-at="2021-06-16T19:17:51Z" finished-at="2021-06-16T19:17:52Z">
          <reporter-output>
          </reporter-output>
        </test-method> <!-- tearDown -->
        <test-method status="PASS" signature="setUp()[pri:0, instance:com.xcart.mobile.testSuite.shopping.ShoppingTest@475530b9]" name="setUp" is-config="true" duration-ms="2885" started-at="2021-06-16T19:17:52Z" finished-at="2021-06-16T19:17:55Z">
          <reporter-output>
          </reporter-output>
        </test-method> <!-- setUp -->
        <test-method status="PASS" signature="verifyThatUserShouldPlaceOrderSuccessfullyForAvengersFabrikationsPlush()[pri:0, instance:com.xcart.mobile.testSuite.shopping.ShoppingTest@475530b9]" name="verifyThatUserShouldPlaceOrderSuccessfullyForAvengersFabrikationsPlush" duration-ms="49253" started-at="2021-06-16T19:17:55Z" finished-at="2021-06-16T19:18:44Z">
          <reporter-output>
            <line>
              <![CDATA[Mouse hover and clicking on hot deal link By.xpath: (//li[@class='leaf has-sub']/child::span[text()='Hot deals'])[2]<br>]]>
            </line>
            <line>
              <![CDATA[Getting text from hot deal drop down [[ChromeDriver: chrome on WINDOWS (9b4adb1ef06b6160bde2c42819661994)] -> xpath: //ul[@class='nav navbar-nav top-main-menu']//li//ul//li//span] and compare it with hot deal drop down Sale<br>]]>
            </line>
            <line>
              <![CDATA[Mouse hover and clicking on element[[ChromeDriver: chrome on WINDOWS (9b4adb1ef06b6160bde2c42819661994)] -> xpath: //ul[@class='nav navbar-nav top-main-menu']//li//ul//li//span]<br>]]>
            </line>
            <line>
              <![CDATA[Mouse Hover on Sort by filter LinkBy.xpath: //div[@class='sort-box']<br>]]>
            </line>
            <line>
              <![CDATA[Getting text from element [[ChromeDriver: chrome on WINDOWS (9b4adb1ef06b6160bde2c42819661994)] -> xpath: //ul[@class='display-sort sort-crit grid-list']//li//a] and compare it with Name A - Z<br>]]>
            </line>
            <line>
              <![CDATA[Getting text from element [[ChromeDriver: chrome on WINDOWS (9b4adb1ef06b6160bde2c42819661994)] -> xpath: //ul[@class='display-sort sort-crit grid-list']//li//a] and compare it with Name A - Z<br>]]>
            </line>
            <line>
              <![CDATA[Getting text from element [[ChromeDriver: chrome on WINDOWS (9b4adb1ef06b6160bde2c42819661994)] -> xpath: //ul[@class='display-sort sort-crit grid-list']//li//a] and compare it with Name A - Z<br>]]>
            </line>
            <line>
              <![CDATA[Getting text from element [[ChromeDriver: chrome on WINDOWS (9b4adb1ef06b6160bde2c42819661994)] -> xpath: //ul[@class='display-sort sort-crit grid-list']//li//a] and compare it with Name A - Z<br>]]>
            </line>
            <line>
              <![CDATA[Getting text from element [[ChromeDriver: chrome on WINDOWS (9b4adb1ef06b6160bde2c42819661994)] -> xpath: //ul[@class='display-sort sort-crit grid-list']//li//a] and compare it with Name A - Z<br>]]>
            </line>
            <line>
              <![CDATA[Clicking on element [[ChromeDriver: chrome on WINDOWS (9b4adb1ef06b6160bde2c42819661994)] -> xpath: //ul[@class='display-sort sort-crit grid-list']//li//a]<br>]]>
            </line>
            <line>
              <![CDATA[Clicking add to cart button of avengers By.xpath: (//button[@type='button'])[4]<br>]]>
            </line>
            <line>
              <![CDATA[Getting product verify message By.xpath: //li[contains(text(),'Product has been added to your cart')]<br>]]>
            </line>
            <line>
              <![CDATA[Clicking on verify message close button By.xpath: //a[@class='close']<br>]]>
            </line>
            <line>
              <![CDATA[Clicking on your cart button By.xpath: //div[@title='Your cart']<br>]]>
            </line>
            <line>
              <![CDATA[Clicking on view your cart button]]>
            </line>
            <line>
              <![CDATA[Getting text from productQuantityVerifyLink By.xpath: //h1[@id='page-title']<br>]]>
            </line>
            <line>
              <![CDATA[Change quantity on quantity link By.xpath: //input[contains(@id,'amount')]Quantity is2<br>]]>
            </line>
            <line>
              <![CDATA[Getting text from productQuantityVerifyLink By.xpath: //h1[@id='page-title']<br>]]>
            </line>
            <line>
              <![CDATA[Getting text from sub total link By.xpath: (//li[@class='subtotal'])[1]<br>]]>
            </line>
            <line>
              <![CDATA[Getting text from total link By.xpath: (//span[@class='surcharge-cell'])[7]<br>]]>
            </line>
            <line>
              <![CDATA[Clicking on go to checkout button By.xpath: //span[contains(text(),'Go to checkout')]<br>]]>
            </line>
            <line>
              <![CDATA[Getting text from verify login text By.xpath: //h3[contains(text(),'Log in to your account')]<br>]]>
            </line>
            <line>
              <![CDATA[Send email jemspeter526@yahoo.com to email fieldBy.xpath: //input[@id='email']<br>]]>
            </line>
            <line>
              <![CDATA[Clicking on continue button By.xpath: //button[@class='btn  regular-button anonymous-continue-button submit']<br>]]>
            </line>
            <line>
              <![CDATA[Getting text from secure checkout By.xpath: //h1[contains(text(),'Secure Checkout')]<br>]]>
            </line>
            <line>
              <![CDATA[Enter first name Mark In first name field By.xpath: //input[@id='shippingaddress-firstname']<br>]]>
            </line>
            <line>
              <![CDATA[Enter last name ZuckerBerg in last name field By.xpath: //input[@id='shippingaddress-lastname']<br>]]>
            </line>
            <line>
              <![CDATA[Enter address 45,Cooper Street in address field By.xpath: //input[@id='shippingaddress-street']<br>]]>
            </line>
            <line>
              <![CDATA[Send city name London In city field By.xpath: //input[@id='shippingaddress-city']<br>]]>
            </line>
            <line>
              <![CDATA[Select country United Kingdom in country fieldBy.xpath: //select[@id='shippingaddress-country-code']]]>
            </line>
            <line>
              <![CDATA[Send text state London In state field By.xpath: //input[@id='shippingaddress-custom-state']<br>]]>
            </line>
            <line>
              <![CDATA[Enter zip code 900456 in zip code field By.xpath: //input[@id='shippingaddress-zipcode']<br>]]>
            </line>
            <line>
              <![CDATA[Clicking on create account check box By.xpath: //input[@id='create_profile']<br>]]>
            </line>
            <line>
              <![CDATA[Send password J123450In password field By.xpath: //input[@id='password']<br>]]>
            </line>
            <line>
              <![CDATA[Getting attribute value of title [[ChromeDriver: chrome on WINDOWS (9b4adb1ef06b6160bde2c42819661994)] -> xpath: //ul[@class='shipping-rates']//li//div//label] compare it with delivery method Local shipping<br>]]>
            </line>
            <line>
              <![CDATA[Getting attribute value of title [[ChromeDriver: chrome on WINDOWS (9b4adb1ef06b6160bde2c42819661994)] -> xpath: //ul[@class='shipping-rates']//li//div//label] compare it with delivery method Local shipping<br>]]>
            </line>
            <line>
              <![CDATA[Mouse hover and clicking on element [[ChromeDriver: chrome on WINDOWS (9b4adb1ef06b6160bde2c42819661994)] -> xpath: //ul[@class='shipping-rates']//li//div//label]<br>]]>
            </line>
            <line>
              <![CDATA[Getting text Authorize.Net SIM from element [[ChromeDriver: chrome on WINDOWS (9b4adb1ef06b6160bde2c42819661994)] -> xpath: //ul[@class='payments']//span]And compare with payment method COD<br>]]>
            </line>
            <line>
              <![CDATA[Getting text Phone Ordering from element [[ChromeDriver: chrome on WINDOWS (9b4adb1ef06b6160bde2c42819661994)] -> xpath: //ul[@class='payments']//span]And compare with payment method COD<br>]]>
            </line>
            <line>
              <![CDATA[Getting text Fax Ordering from element [[ChromeDriver: chrome on WINDOWS (9b4adb1ef06b6160bde2c42819661994)] -> xpath: //ul[@class='payments']//span]And compare with payment method COD<br>]]>
            </line>
            <line>
              <![CDATA[Getting text Money Order from element [[ChromeDriver: chrome on WINDOWS (9b4adb1ef06b6160bde2c42819661994)] -> xpath: //ul[@class='payments']//span]And compare with payment method COD<br>]]>
            </line>
            <line>
              <![CDATA[Getting text Check from element [[ChromeDriver: chrome on WINDOWS (9b4adb1ef06b6160bde2c42819661994)] -> xpath: //ul[@class='payments']//span]And compare with payment method COD<br>]]>
            </line>
            <line>
              <![CDATA[Getting text COD from element [[ChromeDriver: chrome on WINDOWS (9b4adb1ef06b6160bde2c42819661994)] -> xpath: //ul[@class='payments']//span]And compare with payment method COD<br>]]>
            </line>
            <line>
              <![CDATA[Mouse hover and click on element [[ChromeDriver: chrome on WINDOWS (9b4adb1ef06b6160bde2c42819661994)] -> xpath: //ul[@class='payments']//span]<br>]]>
            </line>
            <line>
              <![CDATA[Getting text from Total link By.xpath: (//span[@class='surcharge-cell'])[6]<br>]]>
            </line>
            <line>
              <![CDATA[Mouse hover and click on place order button By.xpath: //button[@class='btn regular-button regular-main-button place-order submit']<br>]]>
            </line>
            <line>
              <![CDATA[Getting text from order confirmation By.xpath: //h1[@id='page-title']<br>]]>
            </line>
          </reporter-output>
        </test-method> <!-- verifyThatUserShouldPlaceOrderSuccessfullyForAvengersFabrikationsPlush -->
        <test-method status="PASS" signature="tearDown()[pri:0, instance:com.xcart.mobile.testSuite.shopping.ShoppingTest@475530b9]" name="tearDown" is-config="true" duration-ms="684" started-at="2021-06-16T19:18:44Z" finished-at="2021-06-16T19:18:45Z">
          <reporter-output>
          </reporter-output>
        </test-method> <!-- tearDown -->
      </class> <!-- com.xcart.mobile.testSuite.shopping.ShoppingTest -->
    </test> <!-- Sanity Test -->
  </suite> <!-- testsuite -->
</testng-results>
