<?xml version="1.0" encoding="UTF-8"?>
<!-- Generated by org.testng.reporters.JUnitXMLReporter -->
<testsuite hostname="DESKTOP-7FSFVSR" ignored="6" name="Sanity Test" tests="6" failures="0" timestamp="16 Jun 2021 19:18:45 GMT" time="141.032" errors="0">
  <testcase name="verifyUserShouldNavigateToNewPageSuccessfully" time="2.952" classname="com.xcart.mobile.testSuite.homePage.TopMenuTest"/>
  <testcase name="verifyUserShouldNavigateToShippingPageSuccessfully" time="2.912" classname="com.xcart.mobile.testSuite.homePage.TopMenuTest"/>
  <testcase name="verifySaleProductsArrangeAlphabetically" time="19.353" classname="com.xcart.mobile.testSuite.hotDeals.HotDealsTest"/>
  <testcase name="verifySaleProductsPriceArrangeLowToHigh" time="13.492" classname="com.xcart.mobile.testSuite.hotDeals.HotDealsTest"/>
  <testcase name="verifyThatUserShouldClearShoppingCartSuccessfully" time="29.575" classname="com.xcart.mobile.testSuite.shopping.ShoppingTest"/>
  <testcase name="verifyThatUserShouldPlaceOrderSuccessfullyForAvengersFabrikationsPlush" time="49.253" classname="com.xcart.mobile.testSuite.shopping.ShoppingTest"/>
  <testcase name="verifyBestSellersProductsArrangeByRates" time="0.0" classname="com.xcart.mobile.testSuite.hotDeals.HotDealsTest">
    <ignored/>
  </testcase> <!-- verifyBestSellersProductsArrangeByRates -->
  <testcase name="verifyBestSellersProductsArrangeByZToA" time="0.0" classname="com.xcart.mobile.testSuite.hotDeals.HotDealsTest">
    <ignored/>
  </testcase> <!-- verifyBestSellersProductsArrangeByZToA -->
  <testcase name="verifyUserShouldNavigateToComingSoonPageSuccessfully" time="0.0" classname="com.xcart.mobile.testSuite.homePage.TopMenuTest">
    <ignored/>
  </testcase> <!-- verifyUserShouldNavigateToComingSoonPageSuccessfully -->
  <testcase name="verifyUserShouldNavigateToContactUsPageSuccessfully" time="0.0" classname="com.xcart.mobile.testSuite.homePage.TopMenuTest">
    <ignored/>
  </testcase> <!-- verifyUserShouldNavigateToContactUsPageSuccessfully -->
  <testcase name="verifySaleProductsArrangeByRates" time="0.0" classname="com.xcart.mobile.testSuite.hotDeals.HotDealsTest">
    <ignored/>
  </testcase> <!-- verifySaleProductsArrangeByRates -->
  <testcase name="verifyBestSellersProductsPriceArrangeHighToLow" time="0.0" classname="com.xcart.mobile.testSuite.hotDeals.HotDealsTest">
    <ignored/>
  </testcase> <!-- verifyBestSellersProductsPriceArrangeHighToLow -->
</testsuite> <!-- Sanity Test -->
